<?xml version="1.0" encoding="UTF-8"?>
<testng-results ignored="0" total="1" passed="1" failed="0" skipped="0">
  <reporter-output>
  </reporter-output>
  <suite started-at="2023-10-29T10:22:44 IST" name="Default suite" finished-at="2023-10-29T10:22:49 IST" duration-ms="4645">
    <groups>
    </groups>
    <test started-at="2023-10-29T10:22:44 IST" name="Default test" finished-at="2023-10-29T10:22:49 IST" duration-ms="4645">
      <class name="testcasesUSA.Task002">
        <test-method is-config="true" signature="Setup()[pri:0, instance:testcasesUSA.Task002@7486b455]" started-at="2023-10-29T10:22:44 IST" name="Setup" finished-at="2023-10-29T10:22:46 IST" duration-ms="1992" status="PASS">
          <reporter-output>
          </reporter-output>
        </test-method> <!-- Setup -->
        <test-method signature="URL()[pri:0, instance:testcasesUSA.Task002@7486b455]" started-at="2023-10-29T10:22:46 IST" name="URL" finished-at="2023-10-29T10:22:48 IST" duration-ms="2425" status="PASS">
          <reporter-output>
          </reporter-output>
        </test-method> <!-- URL -->
        <test-method is-config="true" signature="END()[pri:0, instance:testcasesUSA.Task002@7486b455]" started-at="2023-10-29T10:22:48 IST" name="END" finished-at="2023-10-29T10:22:49 IST" duration-ms="189" status="PASS">
          <reporter-output>
          </reporter-output>
        </test-method> <!-- END -->
      </class> <!-- testcasesUSA.Task002 -->
    </test> <!-- Default test -->
  </suite> <!-- Default suite -->
</testng-results>
